Building DAG of jobs...
Using shell: /usr/bin/bash
Provided cores: 1 (use --cores to define parallelism)
Rules claiming more threads will be scaled down.
Job stats:
job           count
----------  -------
result            1
run_raptor        4
total             5

Select jobs to execute...

[Fri Nov 17 20:14:24 2023]
rule run_raptor:
    input: raptor_binary_checked, output_checked, input_file_8192_checked
    output: /srv/data/leonard/test_run/8192_raptor_run
    jobid: 9
    reason: Missing output files: /srv/data/leonard/test_run/8192_raptor_run
    wildcards: bin_count=8192
    resources: tmpdir=/tmp

Touching output file /srv/data/leonard/test_run/8192_raptor_run.
[Fri Nov 17 20:14:48 2023]
Finished job 9.
1 of 5 steps (20%) done
Removing temporary output input_file_8192_checked.
Select jobs to execute...

[Fri Nov 17 20:14:48 2023]
rule run_raptor:
    input: raptor_binary_checked, output_checked, input_file_2048_checked
    output: /srv/data/leonard/test_run/2048_raptor_run
    jobid: 5
    reason: Missing output files: /srv/data/leonard/test_run/2048_raptor_run
    wildcards: bin_count=2048
    resources: tmpdir=/tmp

Touching output file /srv/data/leonard/test_run/2048_raptor_run.
[Fri Nov 17 20:15:22 2023]
Finished job 5.
2 of 5 steps (40%) done
Removing temporary output input_file_2048_checked.
Select jobs to execute...

[Fri Nov 17 20:15:23 2023]
rule run_raptor:
    input: raptor_binary_checked, output_checked, input_file_1024_checked
    output: /srv/data/leonard/test_run/1024_raptor_run
    jobid: 1
    reason: Missing output files: /srv/data/leonard/test_run/1024_raptor_run
    wildcards: bin_count=1024
    resources: tmpdir=/tmp

Touching output file /srv/data/leonard/test_run/1024_raptor_run.
[Fri Nov 17 20:15:57 2023]
Finished job 1.
3 of 5 steps (60%) done
Removing temporary output input_file_1024_checked.
Select jobs to execute...

[Fri Nov 17 20:15:57 2023]
rule run_raptor:
    input: raptor_binary_checked, output_checked, input_file_4096_checked
    output: /srv/data/leonard/test_run/4096_raptor_run
    jobid: 7
    reason: Missing output files: /srv/data/leonard/test_run/4096_raptor_run
    wildcards: bin_count=4096
    resources: tmpdir=/tmp

Touching output file /srv/data/leonard/test_run/4096_raptor_run.
[Fri Nov 17 20:16:32 2023]
Finished job 7.
4 of 5 steps (80%) done
Removing temporary output raptor_binary_checked.
Removing temporary output output_checked.
Removing temporary output input_file_4096_checked.
Select jobs to execute...

[Fri Nov 17 20:16:32 2023]
localrule result:
    input: /srv/data/leonard/test_run/1024_raptor_run, /srv/data/leonard/test_run/2048_raptor_run, /srv/data/leonard/test_run/4096_raptor_run, /srv/data/leonard/test_run/8192_raptor_run
    jobid: 0
    reason: Input files updated by another job: /srv/data/leonard/test_run/4096_raptor_run, /srv/data/leonard/test_run/2048_raptor_run, /srv/data/leonard/test_run/8192_raptor_run, /srv/data/leonard/test_run/1024_raptor_run
    resources: tmpdir=/tmp

[Fri Nov 17 20:16:32 2023]
Finished job 0.
5 of 5 steps (100%) done
Removing temporary output /srv/data/leonard/test_run/1024_raptor_run.
Removing temporary output /srv/data/leonard/test_run/2048_raptor_run.
Removing temporary output /srv/data/leonard/test_run/4096_raptor_run.
Removing temporary output /srv/data/leonard/test_run/8192_raptor_run.
Complete log: .snakemake/log/2023-11-17T201423.138595.snakemake.log
