Building DAG of jobs...
Using shell: /usr/bin/bash
Provided cores: 32
Rules claiming more threads will be scaled down.
Job stats:
job       count
------  -------
plot          1
result        1
total         2

Select jobs to execute...

[Mon Nov 20 14:34:34 2023]
rule plot:
    input: /srv/data/leonard/test_run/1024_raptor_run, /srv/data/leonard/test_run/2048_raptor_run, /srv/data/leonard/test_run/4096_raptor_run, /srv/data/leonard/test_run/8192_raptor_run
    output: plot.png
    jobid: 1
    reason: Missing output files: plot.png
    resources: tmpdir=/tmp

[Mon Nov 20 14:34:35 2023]
Finished job 1.
1 of 2 steps (50%) done
Removing temporary output /srv/data/leonard/test_run/1024_raptor_run.
Removing temporary output /srv/data/leonard/test_run/2048_raptor_run.
Removing temporary output /srv/data/leonard/test_run/4096_raptor_run.
Removing temporary output /srv/data/leonard/test_run/8192_raptor_run.
Select jobs to execute...

[Mon Nov 20 14:34:35 2023]
localrule result:
    input: plot.png
    jobid: 0
    reason: Input files updated by another job: plot.png
    resources: tmpdir=/tmp

[Mon Nov 20 14:34:35 2023]
Finished job 0.
2 of 2 steps (100%) done
Complete log: .snakemake/log/2023-11-20T143432.996353.snakemake.log
