Building DAG of jobs...
Using shell: /usr/bin/bash
Provided cores: 32
Rules claiming more threads will be scaled down.
Job stats:
job       count
------  -------
plot          1
result        1
total         2

Select jobs to execute...

[Mon Nov 20 14:21:53 2023]
rule plot:
    input: /srv/data/leonard/test_run/1024_raptor_run, /srv/data/leonard/test_run/2048_raptor_run, /srv/data/leonard/test_run/4096_raptor_run, /srv/data/leonard/test_run/8192_raptor_run
    output: plot.png
    jobid: 1
    reason: Missing output files: plot.png
    resources: tmpdir=/tmp

[Mon Nov 20 14:21:53 2023]
Error in rule plot:
    jobid: 1
    input: /srv/data/leonard/test_run/1024_raptor_run, /srv/data/leonard/test_run/2048_raptor_run, /srv/data/leonard/test_run/4096_raptor_run, /srv/data/leonard/test_run/8192_raptor_run
    output: plot.png
    shell:
        
        python3 plotResults.py /srv/data/leonard/test_run
        
        (one of the commands exited with non-zero exit code; note that snakemake uses bash strict mode!)

Shutting down, this might take some time.
Exiting because a job execution failed. Look above for error message
Complete log: .snakemake/log/2023-11-20T142151.793840.snakemake.log
