Building DAG of jobs...
Using shell: /usr/bin/bash
Provided cores: 1 (use --cores to define parallelism)
Rules claiming more threads will be scaled down.
Job stats:
job                       count
----------------------  -------
all                           1
check_output_directory        1
check_raptor_binary           1
run_input                     4
total                         7

Select jobs to execute...

[Fri Nov 17 17:59:49 2023]
rule check_raptor_binary:
    output: raptor_binary_checked
    jobid: 2
    reason: Missing output files: raptor_binary_checked
    resources: tmpdir=/tmp

[Fri Nov 17 17:59:49 2023]
Error in rule check_raptor_binary:
    jobid: 2
    output: raptor_binary_checked
    shell:
        
        if ! [[ -s /srv/public/leonard/raptor/build/bin/raptors ]]; then
            echo "Executable /srv/public/leonard/raptor/build/bin/raptors does not exist. Exiting."
            exit 1
        fi
        if ! /srv/public/leonard/raptor/build/bin/raptors --help &> /dev/null; then
            echo "Executable /srv/public/leonard/raptor/build/bin/raptors cannot be run. Exiting."
            exit 1
        fi
        touch raptor_binary_checked
        
        (one of the commands exited with non-zero exit code; note that snakemake uses bash strict mode!)

Shutting down, this might take some time.
Exiting because a job execution failed. Look above for error message
Complete log: .snakemake/log/2023-11-17T175948.517978.snakemake.log
