Building DAG of jobs...
Using shell: /usr/bin/bash
Provided cores: 1 (use --cores to define parallelism)
Rules claiming more threads will be scaled down.
Job stats:
job                       count
----------------------  -------
all                           1
check_output_directory        1
check_raptor_binary           1
total                         3

Select jobs to execute...

[Fri Nov 17 17:17:14 2023]
rule check_output_directory:
    output: output_checked
    jobid: 1
    reason: Missing output files: output_checked
    resources: tmpdir=/tmp

[Fri Nov 17 17:17:14 2023]
Error in rule check_output_directory:
    jobid: 1
    output: output_checked
    shell:
        
        if [ -d "/pfad/zum/verzeichnis" ]; then
            echo "Das Verzeichnis existiert."
        else
            echo "Das Verzeichnis existiert nicht."
            exit 1
        fi
        touch output_checked
        
        (one of the commands exited with non-zero exit code; note that snakemake uses bash strict mode!)

Shutting down, this might take some time.
Exiting because a job execution failed. Look above for error message
Complete log: .snakemake/log/2023-11-17T171712.881885.snakemake.log
