Building DAG of jobs...
Using shell: /usr/bin/bash
Provided cores: 1 (use --cores to define parallelism)
Rules claiming more threads will be scaled down.
Job stats:
job          count
---------  -------
all              1
run_input        4
total            5

Select jobs to execute...

[Fri Nov 17 17:14:37 2023]
rule run_input:
    output: /srv/data/leonard/test_run_snakemake/2048.out
    jobid: 2
    reason: Missing output files: /srv/data/leonard/test_run_snakemake/2048.out
    wildcards: bin_count=2048
    resources: tmpdir=/tmp

Touching output file /srv/data/leonard/test_run_snakemake/2048.out.
[Fri Nov 17 17:14:37 2023]
Finished job 2.
1 of 5 steps (20%) done
Select jobs to execute...

[Fri Nov 17 17:14:37 2023]
rule run_input:
    output: /srv/data/leonard/test_run_snakemake/8192.out
    jobid: 4
    reason: Missing output files: /srv/data/leonard/test_run_snakemake/8192.out
    wildcards: bin_count=8192
    resources: tmpdir=/tmp

Touching output file /srv/data/leonard/test_run_snakemake/8192.out.
[Fri Nov 17 17:14:37 2023]
Finished job 4.
2 of 5 steps (40%) done
Select jobs to execute...

[Fri Nov 17 17:14:37 2023]
rule run_input:
    output: /srv/data/leonard/test_run_snakemake/4096.out
    jobid: 3
    reason: Missing output files: /srv/data/leonard/test_run_snakemake/4096.out
    wildcards: bin_count=4096
    resources: tmpdir=/tmp

Touching output file /srv/data/leonard/test_run_snakemake/4096.out.
[Fri Nov 17 17:14:37 2023]
Finished job 3.
3 of 5 steps (60%) done
Select jobs to execute...

[Fri Nov 17 17:14:37 2023]
rule run_input:
    output: /srv/data/leonard/test_run_snakemake/1024.out
    jobid: 1
    reason: Missing output files: /srv/data/leonard/test_run_snakemake/1024.out
    wildcards: bin_count=1024
    resources: tmpdir=/tmp

Touching output file /srv/data/leonard/test_run_snakemake/1024.out.
[Fri Nov 17 17:14:37 2023]
Finished job 1.
4 of 5 steps (80%) done
Select jobs to execute...

[Fri Nov 17 17:14:37 2023]
localrule all:
    input: /srv/data/leonard/test_run_snakemake/1024.out, /srv/data/leonard/test_run_snakemake/2048.out, /srv/data/leonard/test_run_snakemake/4096.out, /srv/data/leonard/test_run_snakemake/8192.out
    jobid: 0
    reason: Input files updated by another job: /srv/data/leonard/test_run_snakemake/8192.out, /srv/data/leonard/test_run_snakemake/1024.out, /srv/data/leonard/test_run_snakemake/2048.out, /srv/data/leonard/test_run_snakemake/4096.out
    resources: tmpdir=/tmp

[Fri Nov 17 17:14:37 2023]
Finished job 0.
5 of 5 steps (100%) done
Complete log: .snakemake/log/2023-11-17T171436.752662.snakemake.log
