Building DAG of jobs...
Using shell: /usr/bin/bash
Provided cores: 32
Rules claiming more threads will be scaled down.
Job stats:
job                    count
-------------------  -------
check_input_files          4
check_output_dir           1
check_raptor_binary        1
plot                       1
result                     1
run_raptor                 4
total                     12

Select jobs to execute...

[Mon Nov 20 14:18:42 2023]
rule check_input_files:
    output: input_file_8192_checked
    jobid: 11
    reason: Missing output files: input_file_8192_checked
    wildcards: bin_count=8192
    resources: tmpdir=/tmp


[Mon Nov 20 14:18:42 2023]
rule check_input_files:
    output: input_file_2048_checked
    jobid: 7
    reason: Missing output files: input_file_2048_checked
    wildcards: bin_count=2048
    resources: tmpdir=/tmp


[Mon Nov 20 14:18:42 2023]
rule check_raptor_binary:
    output: raptor_binary_checked
    jobid: 3
    reason: Missing output files: raptor_binary_checked
    resources: tmpdir=/tmp


[Mon Nov 20 14:18:42 2023]
rule check_input_files:
    output: input_file_4096_checked
    jobid: 9
    reason: Missing output files: input_file_4096_checked
    wildcards: bin_count=4096
    resources: tmpdir=/tmp


[Mon Nov 20 14:18:42 2023]
rule check_input_files:
    output: input_file_1024_checked
    jobid: 5
    reason: Missing output files: input_file_1024_checked
    wildcards: bin_count=1024
    resources: tmpdir=/tmp


[Mon Nov 20 14:18:42 2023]
rule check_output_dir:
    output: output_checked
    jobid: 4
    reason: Missing output files: output_checked
    resources: tmpdir=/tmp

Touching output file input_file_8192_checked.
[Mon Nov 20 14:18:42 2023]
Finished job 11.
1 of 12 steps (8%) done
Touching output file input_file_2048_checked.
[Mon Nov 20 14:18:42 2023]
Finished job 7.
2 of 12 steps (17%) done
Touching output file input_file_4096_checked.
[Mon Nov 20 14:18:42 2023]
Finished job 9.
3 of 12 steps (25%) done
Touching output file input_file_1024_checked.
[Mon Nov 20 14:18:42 2023]
Finished job 5.
4 of 12 steps (33%) done
Touching output file output_checked.
[Mon Nov 20 14:18:42 2023]
Finished job 4.
5 of 12 steps (42%) done
Touching output file raptor_binary_checked.
[Mon Nov 20 14:18:42 2023]
Finished job 3.
6 of 12 steps (50%) done
Select jobs to execute...

[Mon Nov 20 14:18:42 2023]
rule run_raptor:
    input: raptor_binary_checked, output_checked, input_file_1024_checked
    output: /srv/data/leonard/test_run/1024_raptor_run
    jobid: 2
    reason: Missing output files: /srv/data/leonard/test_run/1024_raptor_run; Input files updated by another job: raptor_binary_checked, input_file_1024_checked, output_checked; Code has changed since last execution; Params have changed since last execution
    wildcards: bin_count=1024
    threads: 32
    resources: tmpdir=/tmp

Touching output file /srv/data/leonard/test_run/1024_raptor_run.
[Mon Nov 20 14:19:18 2023]
Finished job 2.
7 of 12 steps (58%) done
Removing temporary output input_file_1024_checked.
Select jobs to execute...

[Mon Nov 20 14:19:18 2023]
rule run_raptor:
    input: raptor_binary_checked, output_checked, input_file_4096_checked
    output: /srv/data/leonard/test_run/4096_raptor_run
    jobid: 8
    reason: Missing output files: /srv/data/leonard/test_run/4096_raptor_run; Input files updated by another job: raptor_binary_checked, input_file_4096_checked, output_checked; Code has changed since last execution; Params have changed since last execution
    wildcards: bin_count=4096
    threads: 32
    resources: tmpdir=/tmp

Touching output file /srv/data/leonard/test_run/4096_raptor_run.
[Mon Nov 20 14:19:54 2023]
Finished job 8.
8 of 12 steps (67%) done
Removing temporary output input_file_4096_checked.
Select jobs to execute...

[Mon Nov 20 14:19:54 2023]
rule run_raptor:
    input: raptor_binary_checked, output_checked, input_file_8192_checked
    output: /srv/data/leonard/test_run/8192_raptor_run
    jobid: 10
    reason: Missing output files: /srv/data/leonard/test_run/8192_raptor_run; Input files updated by another job: raptor_binary_checked, input_file_8192_checked, output_checked; Code has changed since last execution; Params have changed since last execution
    wildcards: bin_count=8192
    threads: 32
    resources: tmpdir=/tmp

Touching output file /srv/data/leonard/test_run/8192_raptor_run.
[Mon Nov 20 14:20:18 2023]
Finished job 10.
9 of 12 steps (75%) done
Removing temporary output input_file_8192_checked.
Select jobs to execute...

[Mon Nov 20 14:20:18 2023]
rule run_raptor:
    input: raptor_binary_checked, output_checked, input_file_2048_checked
    output: /srv/data/leonard/test_run/2048_raptor_run
    jobid: 6
    reason: Missing output files: /srv/data/leonard/test_run/2048_raptor_run; Input files updated by another job: raptor_binary_checked, input_file_2048_checked, output_checked; Code has changed since last execution; Params have changed since last execution
    wildcards: bin_count=2048
    threads: 32
    resources: tmpdir=/tmp

Touching output file /srv/data/leonard/test_run/2048_raptor_run.
[Mon Nov 20 14:20:52 2023]
Finished job 6.
10 of 12 steps (83%) done
Removing temporary output raptor_binary_checked.
Removing temporary output output_checked.
Removing temporary output input_file_2048_checked.
Select jobs to execute...

[Mon Nov 20 14:20:52 2023]
rule plot:
    input: /srv/data/leonard/test_run/1024_raptor_run, /srv/data/leonard/test_run/2048_raptor_run, /srv/data/leonard/test_run/4096_raptor_run, /srv/data/leonard/test_run/8192_raptor_run
    output: plot.png
    jobid: 1
    reason: Missing output files: plot.png; Input files updated by another job: /srv/data/leonard/test_run/1024_raptor_run, /srv/data/leonard/test_run/4096_raptor_run, /srv/data/leonard/test_run/2048_raptor_run, /srv/data/leonard/test_run/8192_raptor_run
    resources: tmpdir=/tmp

[Mon Nov 20 14:20:52 2023]
Error in rule plot:
    jobid: 1
    input: /srv/data/leonard/test_run/1024_raptor_run, /srv/data/leonard/test_run/2048_raptor_run, /srv/data/leonard/test_run/4096_raptor_run, /srv/data/leonard/test_run/8192_raptor_run
    output: plot.png
    shell:
        
        python3 plot.py /srv/data/leonard/test_run
        
        (one of the commands exited with non-zero exit code; note that snakemake uses bash strict mode!)

Shutting down, this might take some time.
Exiting because a job execution failed. Look above for error message
Complete log: .snakemake/log/2023-11-20T141840.668734.snakemake.log
