Building DAG of jobs...
Using shell: /usr/bin/bash
Provided cores: 1 (use --cores to define parallelism)
Rules claiming more threads will be scaled down.
Job stats:
job                       count
----------------------  -------
all                           1
check_output_directory        1
check_raptor_binary           1
total                         3

Select jobs to execute...

[Fri Nov 17 17:39:44 2023]
rule check_output_directory:
    output: output_checked
    jobid: 1
    reason: Missing output files: output_checked
    resources: tmpdir=/tmp

Touching output file output_checked.
[Fri Nov 17 17:39:44 2023]
Finished job 1.
1 of 3 steps (33%) done
Select jobs to execute...

[Fri Nov 17 17:39:44 2023]
rule check_raptor_binary:
    output: raptor_binary_checked
    jobid: 2
    reason: Missing output files: raptor_binary_checked
    resources: tmpdir=/tmp

Touching output file raptor_binary_checked.
[Fri Nov 17 17:39:44 2023]
Finished job 2.
2 of 3 steps (67%) done
Select jobs to execute...

[Fri Nov 17 17:39:44 2023]
rule all:
    input: output_checked, raptor_binary_checked, /srv/data/leonard/test_run_snakemake/1024.out, /srv/data/leonard/test_run_snakemake/2048.out, /srv/data/leonard/test_run_snakemake/4096.out, /srv/data/leonard/test_run_snakemake/8192.out
    jobid: 0
    reason: Rules with a run or shell declaration but no output are always executed.
    resources: tmpdir=/tmp

[Fri Nov 17 17:39:44 2023]
Finished job 0.
3 of 3 steps (100%) done
Complete log: .snakemake/log/2023-11-17T173942.421327.snakemake.log
