Building DAG of jobs...
Using shell: /usr/bin/bash
Provided cores: 1 (use --cores to define parallelism)
Rules claiming more threads will be scaled down.
Job stats:
job                       count
----------------------  -------
all                           1
check_output_directory        1
total                         2

Select jobs to execute...

[Fri Nov 17 17:30:43 2023]
rule check_output_directory:
    output: output_checked
    jobid: 1
    reason: Missing output files: output_checked
    resources: tmpdir=/tmp

Touching output file output_checked.
[Fri Nov 17 17:30:43 2023]
Finished job 1.
1 of 2 steps (50%) done
Select jobs to execute...

[Fri Nov 17 17:30:43 2023]
localrule all:
    input: output_checked, raptor_binary_checked, /srv/data/leonard/test_run_snakemake/1024.out, /srv/data/leonard/test_run_snakemake/2048.out, /srv/data/leonard/test_run_snakemake/4096.out, /srv/data/leonard/test_run_snakemake/8192.out
    jobid: 0
    reason: Input files updated by another job: output_checked
    resources: tmpdir=/tmp

[Fri Nov 17 17:30:43 2023]
Finished job 0.
2 of 2 steps (100%) done
Complete log: .snakemake/log/2023-11-17T173042.000120.snakemake.log
